{"t":{"$date":"2024-02-10T14:55:42.642+05:30"},"s":"I",  "c":"NETWORK",  "id":4915701, "ctx":"thread1","msg":"Initialized wire specification","attr":{"spec":{"incomingExternalClient":{"minWireVersion":0,"maxWireVersion":21},"incomingInternalClient":{"minWireVersion":0,"maxWireVersion":21},"outgoing":{"minWireVersion":6,"maxWireVersion":21},"isInternalClient":true}}}
{"t":{"$date":"2024-02-10T14:55:42.646+05:30"},"s":"I",  "c":"CONTROL",  "id":23285,   "ctx":"thread1","msg":"Automatically disabling TLS 1.0, to force-enable TLS 1.0 specify --sslDisabledProtocols 'none'"}
{"t":{"$date":"2024-02-10T14:55:45.388+05:30"},"s":"I",  "c":"NETWORK",  "id":4648602, "ctx":"thread1","msg":"Implicit TCP FastOpen in use."}
{"t":{"$date":"2024-02-10T14:55:45.390+05:30"},"s":"I",  "c":"REPL",     "id":5123008, "ctx":"thread1","msg":"Successfully registered PrimaryOnlyService","attr":{"service":"TenantMigrationDonorService","namespace":"config.tenantMigrationDonors"}}
{"t":{"$date":"2024-02-10T14:55:45.391+05:30"},"s":"I",  "c":"REPL",     "id":5123008, "ctx":"thread1","msg":"Successfully registered PrimaryOnlyService","attr":{"service":"TenantMigrationRecipientService","namespace":"config.tenantMigrationRecipients"}}
{"t":{"$date":"2024-02-10T14:55:45.391+05:30"},"s":"I",  "c":"CONTROL",  "id":5945603, "ctx":"thread1","msg":"Multi threading initialized"}
{"t":{"$date":"2024-02-10T14:55:45.391+05:30"},"s":"I",  "c":"TENANT_M", "id":7091600, "ctx":"thread1","msg":"Starting TenantMigrationAccessBlockerRegistry"}
{"t":{"$date":"2024-02-10T14:55:45.393+05:30"},"s":"I",  "c":"CONTROL",  "id":4615611, "ctx":"initandlisten","msg":"MongoDB starting","attr":{"pid":11016,"port":27017,"dbPath":"C:/TEJAS KASARE (Very imp folder)/my notes/MERN Notes/MongoDB/data","architecture":"64-bit","host":"pc-16"}}
{"t":{"$date":"2024-02-10T14:55:45.393+05:30"},"s":"I",  "c":"CONTROL",  "id":23398,   "ctx":"initandlisten","msg":"Target operating system minimum version","attr":{"targetMinOS":"Windows 7/Windows Server 2008 R2"}}
{"t":{"$date":"2024-02-10T14:55:45.393+05:30"},"s":"I",  "c":"CONTROL",  "id":23403,   "ctx":"initandlisten","msg":"Build Info","attr":{"buildInfo":{"version":"7.0.5","gitVersion":"7809d71e84e314b497f282ea8aa06d7ded3eb205","modules":[],"allocator":"tcmalloc","environment":{"distmod":"windows","distarch":"x86_64","target_arch":"x86_64"}}}}
{"t":{"$date":"2024-02-10T14:55:45.393+05:30"},"s":"I",  "c":"CONTROL",  "id":51765,   "ctx":"initandlisten","msg":"Operating System","attr":{"os":{"name":"Microsoft Windows 10","version":"10.0 (build 19045)"}}}
{"t":{"$date":"2024-02-10T14:55:45.393+05:30"},"s":"I",  "c":"CONTROL",  "id":21951,   "ctx":"initandlisten","msg":"Options set by command line","attr":{"options":{"storage":{"dbPath":"C:\\TEJAS KASARE (Very imp folder)\\my notes\\MERN Notes\\MongoDB\\data"},"systemLog":{"destination":"file","path":"C:\\TEJAS KASARE (Very imp folder)\\my notes\\MERN Notes\\MongoDB\\logs\\my_logs.log"}}}}
{"t":{"$date":"2024-02-10T14:55:45.397+05:30"},"s":"I",  "c":"STORAGE",  "id":22315,   "ctx":"initandlisten","msg":"Opening WiredTiger","attr":{"config":"create,cache_size=1495M,session_max=33000,eviction=(threads_min=4,threads_max=4),config_base=false,statistics=(fast),log=(enabled=true,remove=true,path=journal,compressor=snappy),builtin_extension_config=(zstd=(compression_level=6)),file_manager=(close_idle_time=600,close_scan_interval=10,close_handle_minimum=2000),statistics_log=(wait=0),json_output=(error,message),verbose=[recovery_progress:1,checkpoint_progress:1,compact_progress:1,backup:0,checkpoint:0,compact:0,evict:0,history_store:0,recovery:0,rts:0,salvage:0,tiered:0,timestamp:0,transaction:0,verify:0,log:0],"}}
{"t":{"$date":"2024-02-10T14:55:45.463+05:30"},"s":"I",  "c":"STORAGE",  "id":4795906, "ctx":"initandlisten","msg":"WiredTiger opened","attr":{"durationMillis":66}}
{"t":{"$date":"2024-02-10T14:55:45.464+05:30"},"s":"I",  "c":"RECOVERY", "id":23987,   "ctx":"initandlisten","msg":"WiredTiger recoveryTimestamp","attr":{"recoveryTimestamp":{"$timestamp":{"t":0,"i":0}}}}
{"t":{"$date":"2024-02-10T14:55:45.492+05:30"},"s":"W",  "c":"CONTROL",  "id":22120,   "ctx":"initandlisten","msg":"Access control is not enabled for the database. Read and write access to data and configuration is unrestricted","tags":["startupWarnings"]}
{"t":{"$date":"2024-02-10T14:55:45.493+05:30"},"s":"W",  "c":"CONTROL",  "id":22140,   "ctx":"initandlisten","msg":"This server is bound to localhost. Remote systems will be unable to connect to this server. Start the server with --bind_ip <address> to specify which IP addresses it should serve responses from, or with --bind_ip_all to bind to all interfaces. If this behavior is desired, start the server with --bind_ip 127.0.0.1 to disable this warning","tags":["startupWarnings"]}
{"t":{"$date":"2024-02-10T14:55:45.493+05:30"},"s":"I",  "c":"STORAGE",  "id":20320,   "ctx":"initandlisten","msg":"createCollection","attr":{"namespace":"admin.system.version","uuidDisposition":"provided","uuid":{"uuid":{"$uuid":"86fc95c5-a1e9-4a98-948d-e89a703424b1"}},"options":{"uuid":{"$uuid":"86fc95c5-a1e9-4a98-948d-e89a703424b1"}}}}
{"t":{"$date":"2024-02-10T14:55:45.503+05:30"},"s":"I",  "c":"INDEX",    "id":20345,   "ctx":"initandlisten","msg":"Index build: done building","attr":{"buildUUID":null,"collectionUUID":{"uuid":{"$uuid":"86fc95c5-a1e9-4a98-948d-e89a703424b1"}},"namespace":"admin.system.version","index":"_id_","ident":"index-1--2190348841160076672","collectionIdent":"collection-0--2190348841160076672","commitTimestamp":null}}
{"t":{"$date":"2024-02-10T14:55:45.503+05:30"},"s":"I",  "c":"REPL",     "id":20459,   "ctx":"initandlisten","msg":"Setting featureCompatibilityVersion","attr":{"newVersion":"7.0"}}
{"t":{"$date":"2024-02-10T14:55:45.503+05:30"},"s":"I",  "c":"REPL",     "id":5853300, "ctx":"initandlisten","msg":"current featureCompatibilityVersion value","attr":{"featureCompatibilityVersion":"7.0","context":"setFCV"}}
{"t":{"$date":"2024-02-10T14:55:45.503+05:30"},"s":"I",  "c":"NETWORK",  "id":4915702, "ctx":"initandlisten","msg":"Updated wire specification","attr":{"oldSpec":{"incomingExternalClient":{"minWireVersion":0,"maxWireVersion":21},"incomingInternalClient":{"minWireVersion":0,"maxWireVersion":21},"outgoing":{"minWireVersion":6,"maxWireVersion":21},"isInternalClient":true},"newSpec":{"incomingExternalClient":{"minWireVersion":0,"maxWireVersion":21},"incomingInternalClient":{"minWireVersion":21,"maxWireVersion":21},"outgoing":{"minWireVersion":21,"maxWireVersion":21},"isInternalClient":true}}}
{"t":{"$date":"2024-02-10T14:55:45.504+05:30"},"s":"I",  "c":"NETWORK",  "id":4915702, "ctx":"initandlisten","msg":"Updated wire specification","attr":{"oldSpec":{"incomingExternalClient":{"minWireVersion":0,"maxWireVersion":21},"incomingInternalClient":{"minWireVersion":21,"maxWireVersion":21},"outgoing":{"minWireVersion":21,"maxWireVersion":21},"isInternalClient":true},"newSpec":{"incomingExternalClient":{"minWireVersion":0,"maxWireVersion":21},"incomingInternalClient":{"minWireVersion":21,"maxWireVersion":21},"outgoing":{"minWireVersion":21,"maxWireVersion":21},"isInternalClient":true}}}
{"t":{"$date":"2024-02-10T14:55:45.504+05:30"},"s":"I",  "c":"REPL",     "id":5853300, "ctx":"initandlisten","msg":"current featureCompatibilityVersion value","attr":{"featureCompatibilityVersion":"7.0","context":"startup"}}
{"t":{"$date":"2024-02-10T14:55:45.504+05:30"},"s":"I",  "c":"STORAGE",  "id":5071100, "ctx":"initandlisten","msg":"Clearing temp directory"}
{"t":{"$date":"2024-02-10T14:55:45.504+05:30"},"s":"I",  "c":"CONTROL",  "id":6608200, "ctx":"initandlisten","msg":"Initializing cluster server parameters from disk"}
{"t":{"$date":"2024-02-10T14:55:45.504+05:30"},"s":"I",  "c":"CONTROL",  "id":20536,   "ctx":"initandlisten","msg":"Flow Control is enabled on this deployment"}
{"t":{"$date":"2024-02-10T14:55:45.923+05:30"},"s":"I",  "c":"FTDC",     "id":20625,   "ctx":"initandlisten","msg":"Initializing full-time diagnostic data capture","attr":{"dataDirectory":"C:/TEJAS KASARE (Very imp folder)/my notes/MERN Notes/MongoDB/data/diagnostic.data"}}
{"t":{"$date":"2024-02-10T14:55:45.925+05:30"},"s":"I",  "c":"STORAGE",  "id":20320,   "ctx":"initandlisten","msg":"createCollection","attr":{"namespace":"local.startup_log","uuidDisposition":"generated","uuid":{"uuid":{"$uuid":"225a9256-6710-4302-b968-1de6b09d5026"}},"options":{"capped":true,"size":10485760}}}
{"t":{"$date":"2024-02-10T14:55:45.937+05:30"},"s":"I",  "c":"INDEX",    "id":20345,   "ctx":"initandlisten","msg":"Index build: done building","attr":{"buildUUID":null,"collectionUUID":{"uuid":{"$uuid":"225a9256-6710-4302-b968-1de6b09d5026"}},"namespace":"local.startup_log","index":"_id_","ident":"index-3--2190348841160076672","collectionIdent":"collection-2--2190348841160076672","commitTimestamp":null}}
{"t":{"$date":"2024-02-10T14:55:45.937+05:30"},"s":"I",  "c":"REPL",     "id":6015317, "ctx":"initandlisten","msg":"Setting new configuration state","attr":{"newState":"ConfigReplicationDisabled","oldState":"ConfigPreStart"}}
{"t":{"$date":"2024-02-10T14:55:45.937+05:30"},"s":"I",  "c":"STORAGE",  "id":22262,   "ctx":"initandlisten","msg":"Timestamp monitor starting"}
{"t":{"$date":"2024-02-10T14:55:45.940+05:30"},"s":"I",  "c":"STORAGE",  "id":20320,   "ctx":"LogicalSessionCacheRefresh","msg":"createCollection","attr":{"namespace":"config.system.sessions","uuidDisposition":"generated","uuid":{"uuid":{"$uuid":"1eaec8e8-73ff-4ed1-b52b-6dc5764514bb"}},"options":{}}}
{"t":{"$date":"2024-02-10T14:55:45.940+05:30"},"s":"I",  "c":"CONTROL",  "id":20712,   "ctx":"LogicalSessionCacheReap","msg":"Sessions collection is not set up; waiting until next sessions reap interval","attr":{"error":"NamespaceNotFound: config.system.sessions does not exist"}}
{"t":{"$date":"2024-02-10T14:55:45.940+05:30"},"s":"I",  "c":"NETWORK",  "id":23015,   "ctx":"listener","msg":"Listening on","attr":{"address":"127.0.0.1"}}
{"t":{"$date":"2024-02-10T14:55:45.940+05:30"},"s":"I",  "c":"NETWORK",  "id":23016,   "ctx":"listener","msg":"Waiting for connections","attr":{"port":27017,"ssl":"off"}}
{"t":{"$date":"2024-02-10T14:55:45.941+05:30"},"s":"I",  "c":"CONTROL",  "id":8423403, "ctx":"initandlisten","msg":"mongod startup complete","attr":{"Summary of time elapsed":{"Startup from clean shutdown?":true,"Statistics":{"Transport layer setup":"0 ms","Run initial syncer crash recovery":"0 ms","Create storage engine lock file in the data directory":"0 ms","Get metadata describing storage engine":"0 ms","Create storage engine":"79 ms","Write current PID to file":"0 ms","Write a new metadata for storage engine":"11 ms","Initialize FCV before rebuilding indexes":"1 ms","Drop abandoned idents and get back indexes that need to be rebuilt or builds that need to be restarted":"0 ms","Rebuild indexes for collections":"0 ms","Load cluster parameters from disk for a standalone":"0 ms","Build user and roles graph":"0 ms","Set up the background thread pool responsible for waiting for opTimes to be majority committed":"1 ms","Initialize information needed to make a mongod instance shard aware":"0 ms","Start up the replication coordinator":"0 ms","Start transport layer":"0 ms","_initAndListen total elapsed time":"547 ms"}}}}
{"t":{"$date":"2024-02-10T14:55:45.949+05:30"},"s":"I",  "c":"REPL",     "id":7360102, "ctx":"LogicalSessionCacheRefresh","msg":"Added oplog entry for create to transaction","attr":{"namespace":"config.$cmd","uuid":{"uuid":{"$uuid":"1eaec8e8-73ff-4ed1-b52b-6dc5764514bb"}},"object":{"create":"system.sessions","idIndex":{"v":2,"key":{"_id":1},"name":"_id_"}}}}
{"t":{"$date":"2024-02-10T14:55:45.949+05:30"},"s":"I",  "c":"REPL",     "id":7360100, "ctx":"LogicalSessionCacheRefresh","msg":"Added oplog entry for createIndexes to transaction","attr":{"namespace":"config.$cmd","uuid":{"uuid":{"$uuid":"1eaec8e8-73ff-4ed1-b52b-6dc5764514bb"}},"object":{"createIndexes":"system.sessions","v":2,"key":{"lastUse":1},"name":"lsidTTLIndex","expireAfterSeconds":1800}}}
{"t":{"$date":"2024-02-10T14:55:45.954+05:30"},"s":"I",  "c":"INDEX",    "id":20345,   "ctx":"LogicalSessionCacheRefresh","msg":"Index build: done building","attr":{"buildUUID":null,"collectionUUID":{"uuid":{"$uuid":"1eaec8e8-73ff-4ed1-b52b-6dc5764514bb"}},"namespace":"config.system.sessions","index":"_id_","ident":"index-5--2190348841160076672","collectionIdent":"collection-4--2190348841160076672","commitTimestamp":null}}
{"t":{"$date":"2024-02-10T14:55:45.954+05:30"},"s":"I",  "c":"INDEX",    "id":20345,   "ctx":"LogicalSessionCacheRefresh","msg":"Index build: done building","attr":{"buildUUID":null,"collectionUUID":{"uuid":{"$uuid":"1eaec8e8-73ff-4ed1-b52b-6dc5764514bb"}},"namespace":"config.system.sessions","index":"lsidTTLIndex","ident":"index-6--2190348841160076672","collectionIdent":"collection-4--2190348841160076672","commitTimestamp":null}}
{"t":{"$date":"2024-02-10T15:55:46.088+05:30"},"s":"W",  "c":"WT",       "id":22430,   "ctx":"thread26","msg":"WiredTiger message","attr":{"message":{"ts_sec":1707560746,"ts_usec":87953,"thread":"11016:140721298626656","session_name":"sweep-server","category":"WT_VERB_DEFAULT","category_id":9,"verbose_level":"WARNING","verbose_level_id":-2,"msg":"Session 14 (@: 0x000001FBE9C14130 name: EMPTY) did not run a sweep for 60 minutes."}}}
{"t":{"$date":"2024-02-10T17:05:00.170+05:30"},"s":"I",  "c":"CONTROL",  "id":23372,   "ctx":"thread27","msg":"Ctrl-C signal"}
{"t":{"$date":"2024-02-10T17:05:00.172+05:30"},"s":"I",  "c":"CONTROL",  "id":23371,   "ctx":"consoleTerminate","msg":"Received event, will terminate after current command ends","attr":{"controlCode":"CTRL_C_EVENT"}}
{"t":{"$date":"2024-02-10T17:05:00.175+05:30"},"s":"I",  "c":"REPL",     "id":4784900, "ctx":"consoleTerminate","msg":"Stepping down the ReplicationCoordinator for shutdown","attr":{"waitTimeMillis":15000}}
{"t":{"$date":"2024-02-10T17:05:00.180+05:30"},"s":"I",  "c":"REPL",     "id":4794602, "ctx":"consoleTerminate","msg":"Attempting to enter quiesce mode"}
{"t":{"$date":"2024-02-10T17:05:00.180+05:30"},"s":"I",  "c":"-",        "id":6371601, "ctx":"consoleTerminate","msg":"Shutting down the FLE Crud thread pool"}
{"t":{"$date":"2024-02-10T17:05:00.180+05:30"},"s":"I",  "c":"COMMAND",  "id":4784901, "ctx":"consoleTerminate","msg":"Shutting down the MirrorMaestro"}
{"t":{"$date":"2024-02-10T17:05:00.180+05:30"},"s":"I",  "c":"SHARDING", "id":4784902, "ctx":"consoleTerminate","msg":"Shutting down the WaitForMajorityService"}
{"t":{"$date":"2024-02-10T17:05:00.186+05:30"},"s":"I",  "c":"CONTROL",  "id":4784903, "ctx":"consoleTerminate","msg":"Shutting down the LogicalSessionCache"}
{"t":{"$date":"2024-02-10T17:05:00.190+05:30"},"s":"I",  "c":"NETWORK",  "id":20562,   "ctx":"consoleTerminate","msg":"Shutdown: going to close listening sockets"}
{"t":{"$date":"2024-02-10T17:05:00.194+05:30"},"s":"I",  "c":"NETWORK",  "id":4784905, "ctx":"consoleTerminate","msg":"Shutting down the global connection pool"}
{"t":{"$date":"2024-02-10T17:05:00.194+05:30"},"s":"I",  "c":"CONTROL",  "id":4784906, "ctx":"consoleTerminate","msg":"Shutting down the FlowControlTicketholder"}
{"t":{"$date":"2024-02-10T17:05:00.194+05:30"},"s":"I",  "c":"-",        "id":20520,   "ctx":"consoleTerminate","msg":"Stopping further Flow Control ticket acquisitions."}
{"t":{"$date":"2024-02-10T17:05:00.194+05:30"},"s":"I",  "c":"CONTROL",  "id":4784908, "ctx":"consoleTerminate","msg":"Shutting down the PeriodicThreadToAbortExpiredTransactions"}
{"t":{"$date":"2024-02-10T17:05:00.195+05:30"},"s":"I",  "c":"REPL",     "id":4784909, "ctx":"consoleTerminate","msg":"Shutting down the ReplicationCoordinator"}
{"t":{"$date":"2024-02-10T17:05:00.195+05:30"},"s":"I",  "c":"SHARDING", "id":4784910, "ctx":"consoleTerminate","msg":"Shutting down the ShardingInitializationMongoD"}
{"t":{"$date":"2024-02-10T17:05:00.195+05:30"},"s":"I",  "c":"REPL",     "id":4784911, "ctx":"consoleTerminate","msg":"Enqueuing the ReplicationStateTransitionLock for shutdown"}
{"t":{"$date":"2024-02-10T17:05:00.195+05:30"},"s":"I",  "c":"-",        "id":4784912, "ctx":"consoleTerminate","msg":"Killing all operations for shutdown"}
{"t":{"$date":"2024-02-10T17:05:00.195+05:30"},"s":"I",  "c":"-",        "id":4695300, "ctx":"consoleTerminate","msg":"Interrupted all currently running operations","attr":{"opsKilled":3}}
{"t":{"$date":"2024-02-10T17:05:00.195+05:30"},"s":"I",  "c":"TENANT_M", "id":5093807, "ctx":"consoleTerminate","msg":"Shutting down all TenantMigrationAccessBlockers on global shutdown"}
{"t":{"$date":"2024-02-10T17:05:00.203+05:30"},"s":"I",  "c":"ASIO",     "id":22582,   "ctx":"TenantMigrationBlockerNet","msg":"Killing all outstanding egress activity."}
{"t":{"$date":"2024-02-10T17:05:00.206+05:30"},"s":"I",  "c":"ASIO",     "id":6529201, "ctx":"consoleTerminate","msg":"Network interface redundant shutdown","attr":{"state":"Stopped"}}
{"t":{"$date":"2024-02-10T17:05:00.207+05:30"},"s":"I",  "c":"ASIO",     "id":22582,   "ctx":"consoleTerminate","msg":"Killing all outstanding egress activity."}
{"t":{"$date":"2024-02-10T17:05:00.210+05:30"},"s":"I",  "c":"COMMAND",  "id":4784913, "ctx":"consoleTerminate","msg":"Shutting down all open transactions"}
{"t":{"$date":"2024-02-10T17:05:00.211+05:30"},"s":"I",  "c":"REPL",     "id":4784914, "ctx":"consoleTerminate","msg":"Acquiring the ReplicationStateTransitionLock for shutdown"}
{"t":{"$date":"2024-02-10T17:05:00.211+05:30"},"s":"I",  "c":"INDEX",    "id":4784915, "ctx":"consoleTerminate","msg":"Shutting down the IndexBuildsCoordinator"}
{"t":{"$date":"2024-02-10T17:05:00.212+05:30"},"s":"I",  "c":"NETWORK",  "id":4784918, "ctx":"consoleTerminate","msg":"Shutting down the ReplicaSetMonitor"}
{"t":{"$date":"2024-02-10T17:05:00.213+05:30"},"s":"I",  "c":"SHARDING", "id":4784921, "ctx":"consoleTerminate","msg":"Shutting down the MigrationUtilExecutor"}
{"t":{"$date":"2024-02-10T17:05:00.214+05:30"},"s":"I",  "c":"ASIO",     "id":22582,   "ctx":"MigrationUtil-TaskExecutor","msg":"Killing all outstanding egress activity."}
{"t":{"$date":"2024-02-10T17:05:00.214+05:30"},"s":"I",  "c":"COMMAND",  "id":4784923, "ctx":"consoleTerminate","msg":"Shutting down the ServiceEntryPoint"}
{"t":{"$date":"2024-02-10T17:05:00.214+05:30"},"s":"I",  "c":"CONTROL",  "id":4784927, "ctx":"consoleTerminate","msg":"Shutting down the HealthLog"}
{"t":{"$date":"2024-02-10T17:05:00.214+05:30"},"s":"I",  "c":"CONTROL",  "id":4784928, "ctx":"consoleTerminate","msg":"Shutting down the TTL monitor"}
{"t":{"$date":"2024-02-10T17:05:00.214+05:30"},"s":"I",  "c":"INDEX",    "id":3684100, "ctx":"consoleTerminate","msg":"Shutting down TTL collection monitor thread"}
{"t":{"$date":"2024-02-10T17:05:00.215+05:30"},"s":"I",  "c":"INDEX",    "id":3684101, "ctx":"consoleTerminate","msg":"Finished shutting down TTL collection monitor thread"}
{"t":{"$date":"2024-02-10T17:05:00.215+05:30"},"s":"I",  "c":"CONTROL",  "id":6278511, "ctx":"consoleTerminate","msg":"Shutting down the Change Stream Expired Pre-images Remover"}
{"t":{"$date":"2024-02-10T17:05:00.215+05:30"},"s":"I",  "c":"CONTROL",  "id":4784929, "ctx":"consoleTerminate","msg":"Acquiring the global lock for shutdown"}
{"t":{"$date":"2024-02-10T17:05:00.215+05:30"},"s":"I",  "c":"CONTROL",  "id":4784930, "ctx":"consoleTerminate","msg":"Shutting down the storage engine"}
{"t":{"$date":"2024-02-10T17:05:00.215+05:30"},"s":"I",  "c":"STORAGE",  "id":22320,   "ctx":"consoleTerminate","msg":"Shutting down journal flusher thread"}
{"t":{"$date":"2024-02-10T17:05:00.216+05:30"},"s":"I",  "c":"STORAGE",  "id":22321,   "ctx":"consoleTerminate","msg":"Finished shutting down journal flusher thread"}
{"t":{"$date":"2024-02-10T17:05:00.216+05:30"},"s":"I",  "c":"STORAGE",  "id":22322,   "ctx":"consoleTerminate","msg":"Shutting down checkpoint thread"}
{"t":{"$date":"2024-02-10T17:05:00.216+05:30"},"s":"I",  "c":"STORAGE",  "id":22323,   "ctx":"consoleTerminate","msg":"Finished shutting down checkpoint thread"}
{"t":{"$date":"2024-02-10T17:05:00.216+05:30"},"s":"I",  "c":"STORAGE",  "id":22261,   "ctx":"consoleTerminate","msg":"Timestamp monitor shutting down"}
{"t":{"$date":"2024-02-10T17:05:00.217+05:30"},"s":"I",  "c":"STORAGE",  "id":20282,   "ctx":"consoleTerminate","msg":"Deregistering all the collections"}
{"t":{"$date":"2024-02-10T17:05:00.220+05:30"},"s":"I",  "c":"STORAGE",  "id":22317,   "ctx":"consoleTerminate","msg":"WiredTigerKVEngine shutting down"}
{"t":{"$date":"2024-02-10T17:05:00.220+05:30"},"s":"I",  "c":"STORAGE",  "id":22318,   "ctx":"consoleTerminate","msg":"Shutting down session sweeper thread"}
{"t":{"$date":"2024-02-10T17:05:00.220+05:30"},"s":"I",  "c":"STORAGE",  "id":22319,   "ctx":"consoleTerminate","msg":"Finished shutting down session sweeper thread"}
{"t":{"$date":"2024-02-10T17:05:00.221+05:30"},"s":"I",  "c":"STORAGE",  "id":4795902, "ctx":"consoleTerminate","msg":"Closing WiredTiger","attr":{"closeConfig":"leak_memory=true,use_timestamp=false,"}}
{"t":{"$date":"2024-02-10T17:05:00.281+05:30"},"s":"I",  "c":"STORAGE",  "id":4795901, "ctx":"consoleTerminate","msg":"WiredTiger closed","attr":{"durationMillis":60}}
{"t":{"$date":"2024-02-10T17:05:00.281+05:30"},"s":"I",  "c":"STORAGE",  "id":22281,   "ctx":"consoleTerminate","msg":"shutdown: removing fs lock..."}
{"t":{"$date":"2024-02-10T17:05:00.282+05:30"},"s":"I",  "c":"-",        "id":4784931, "ctx":"consoleTerminate","msg":"Dropping the scope cache for shutdown"}
{"t":{"$date":"2024-02-10T17:05:00.283+05:30"},"s":"I",  "c":"FTDC",     "id":20626,   "ctx":"consoleTerminate","msg":"Shutting down full-time diagnostic data capture"}
{"t":{"$date":"2024-02-10T17:05:00.290+05:30"},"s":"I",  "c":"CONTROL",  "id":20565,   "ctx":"consoleTerminate","msg":"Now exiting"}
{"t":{"$date":"2024-02-10T17:05:00.293+05:30"},"s":"I",  "c":"CONTROL",  "id":8423404, "ctx":"consoleTerminate","msg":"mongod shutdown complete","attr":{"Summary of time elapsed":{"Statistics":{"Enter terminal shutdown":"0 ms","Step down the replication coordinator for shutdown":"5 ms","Time spent in quiesce mode":"0 ms","Shut down FLE Crud subsystem":"0 ms","Shut down MirrorMaestro":"0 ms","Shut down WaitForMajorityService":"5 ms","Shut down the logical session cache":"1 ms","Shut down the transport layer":"4 ms","Shut down the global connection pool":"4 ms","Shut down the flow control ticket holder":"0 ms","Kill all operations for shutdown":"0 ms","Shut down all tenant migration access blockers on global shutdown":"15 ms","Shut down all open transactions":"0 ms","Acquire the RSTL for shutdown":"1 ms","Shut down the IndexBuildsCoordinator and wait for index builds to finish":"0 ms","Shut down the replica set monitor":"1 ms","Shut down the migration util executor":"1 ms","Shut down the health log":"0 ms","Shut down the TTL monitor":"1 ms","Shut down expired pre-images and documents removers":"0 ms","Shut down the storage engine":"67 ms","Wait for the oplog cap maintainer thread to stop":"0 ms","Shut down full-time data capture":"1 ms","shutdownTask total elapsed time":"115 ms"}}}}
{"t":{"$date":"2024-02-10T17:05:00.295+05:30"},"s":"I",  "c":"CONTROL",  "id":23138,   "ctx":"consoleTerminate","msg":"Shutting down","attr":{"exitCode":12}}
